2019-10-17 10:20:24,428 - test1.py[line:50] - INFO: 账号：admin
2019-10-17 10:20:24,477 - test1.py[line:53] - INFO: 密码：******
2019-10-17 10:20:24,527 - test1.py[line:56] - INFO: 登录成功
2019-10-17 10:20:32,583 - test1.py[line:64] - INFO: 切换到ocr待领取列表
2019-10-17 10:20:42,637 - test1.py[line:73] - ERROR: ocr无可领取数据
2019-10-17 10:20:46,695 - test1.py[line:95] - INFO: 切换ocr待处理列表
2019-10-17 10:20:47,833 - test1.py[line:98] - INFO: 点击ocr指派
2019-10-17 10:20:48,884 - test1.py[line:101] - INFO: 点击指派下拉框
2019-10-17 10:20:49,955 - test1.py[line:104] - INFO: 选择被指派人dx
2019-10-17 10:20:51,999 - test1.py[line:107] - INFO: 点击确定
2019-10-17 10:20:52,058 - test1.py[line:80] - INFO: 进入ocr待处理列表第一条数据
2019-10-17 10:20:54,092 - test1.py[line:84] - INFO: ocr确认
2019-10-17 10:21:00,810 - test1.py[line:87] - INFO: ocr确认弹框确认
2019-10-17 10:21:03,873 - test1.py[line:31] - INFO: 进入人工处理
2019-10-17 10:21:11,910 - test1.py[line:132] - INFO: 切换到待领取列表
2019-10-17 10:21:21,916 - test1.py[line:141] - ERROR: 无可领取数据
2019-10-17 10:21:24,982 - test1.py[line:114] - INFO: 点击人工指派
2019-10-17 10:21:26,027 - test1.py[line:118] - INFO: 点击下拉菜单
2019-10-17 10:21:27,073 - test1.py[line:121] - INFO: 选择被指派人
2019-10-17 10:21:30,117 - test1.py[line:124] - INFO: 确认
2019-10-17 10:21:35,191 - test1.py[line:151] - INFO: 人工待处理列表第一条数据
2019-10-17 10:21:46,325 - test1.py[line:209] - INFO: 没有可处理数据或特征选择异常了
2019-10-17 10:21:51,377 - test1.py[line:219] - INFO: 关闭浏览器
